graham:~/SmallSamples$ python3 SampleMean.py 
Gurland and Tripathi exact correction for N = 10 : 1.0281092532666214
 
TH1.Print Name  = hmean, Entries= 1000000, Total sum= 1e+06
Mean:  0.00039047126966492774  +-  0.000316480895854197
RMS :  0.316480895854197  +-  0.00022378578757449618
 
TH1.Print Name  = hsmean, Entries= 1000000, Total sum= 1e+06
Mean:  0.0012347785729990093  +-  0.0010008004668298049
RMS :  1.000800466829805  +-  0.0007076727967100175
 
TH1.Print Name  = hvar1, Entries= 1000000, Total sum= 1e+06
Mean:  0.9000189786113556  +-  0.00042471462250123277
RMS :  0.42471462250123276  +-  0.00030031858963970636
 
TH1.Print Name  = hsd1, Entries= 1000000, Total sum= 1e+06
Mean:  0.9726372463281325  +-  0.0002323744271670519
RMS :  0.2323744271670519  +-  0.0001643135332241619
 
TH1.Print Name  = hsem1, Entries= 1000000, Total sum= 1e+06
Mean:  0.30757490355109973  +-  7.348324598252053e-05
RMS :  0.07348324598252053  +-  5.196050153783939e-05
 
TH1.Print Name  = hvar2, Entries= 1000000, Total sum= 1e+06
Mean:  1.0000210873459876  +-  0.00047190513611239095
RMS :  0.47190513611239093  +-  0.00033368732182183236
 
TH1.Print Name  = hsd2, Entries= 1000000, Total sum= 1e+06
Mean:  0.9999773530216939  +-  0.00023890629879301688
RMS :  0.2389062987930169  +-  0.00016893226394472174
 
TH1.Print Name  = hsem2, Entries= 1000000, Total sum= 1e+06
Mean:  0.3162206044134779  +-  7.554880515467378e-05
RMS :  0.07554880515467378  +-  5.342107243541103e-05

TH1.Print Name  = ht, Entries= 1000000, Total sum= 999998
Mean:  0.0016736268996904483  +-  0.0011347833722105331
RMS :  1.1347822374265935  +-  0.0008024130176678058
